Assuming unrestricted shared filesystem usage.
host: DESKTOP-FHR6C38
Building DAG of jobs...
Using shell: /usr/bin/bash
Provided cores: 4
Rules claiming more threads will be scaled down.
Job stats:
job                    count
-------------------  -------
all                        1
enrichment_analysis        1
go_barplots                1
total                      3

Select jobs to execute...
Execute 1 jobs...
[Wed Oct 29 13:53:20 2025]
localrule enrichment_analysis:
    input: src/analysis/03_enrichment_analysis.R, config.yml, output/final_de_results.csv
    output: output/go_enrichment_total_BP.csv, output/go_enrichment_up_BP.csv, output/go_enrichment_down_BP.csv, output/go_dotplot_total_BP.png, output/go_dotplot_up_BP.png, output/go_dotplot_down_BP.png, output/kegg_enrichment_total.csv, output/kegg_enrichment_up.csv, output/kegg_enrichment_down.csv, output/kegg_dotplot_total.png, output/kegg_dotplot_up.png, output/kegg_dotplot_down.png, output/.enrichment_done.flag
    log: output/logs/03_enrichment_analysis.log
    jobid: 3
    reason: Missing output files: output/.enrichment_done.flag
    resources: tmpdir=/tmp
Activating conda environment: rna-seq-de-go-analysis
Touching output file output/.enrichment_done.flag.
[Wed Oct 29 13:54:02 2025]
Finished jobid: 3 (Rule: enrichment_analysis)
1 of 3 steps (33%) done
Select jobs to execute...
Execute 1 jobs...
[Wed Oct 29 13:54:02 2025]
localrule go_barplots:
    input: src/analysis/04_generate_go_plots.R, config.yml, output/go_enrichment_total_BP.csv, output/go_enrichment_up_BP.csv, output/go_enrichment_down_BP.csv
    output: output/go_barplot_total.png, output/go_barplot_up.png, output/go_barplot_down.png, output/.go_barplots_done.flag
    log: output/logs/04_generate_go_plots.log
    jobid: 4
    reason: Missing output files: output/.go_barplots_done.flag; Input files updated by another job: output/go_enrichment_down_BP.csv, output/go_enrichment_total_BP.csv, output/go_enrichment_up_BP.csv
    resources: tmpdir=/tmp
Activating conda environment: rna-seq-de-go-analysis
Touching output file output/.go_barplots_done.flag.
[Wed Oct 29 13:54:04 2025]
Finished jobid: 4 (Rule: go_barplots)
2 of 3 steps (67%) done
Select jobs to execute...
Execute 1 jobs...
[Wed Oct 29 13:54:04 2025]
localrule all:
    input: output/final_de_results.csv, output/config_used.yml, output/pca_plot.png, output/volcano_plot.png, output/.enrichment_done.flag, output/.go_barplots_done.flag
    jobid: 0
    reason: Input files updated by another job: output/.go_barplots_done.flag, output/.enrichment_done.flag
    resources: tmpdir=/tmp
[Wed Oct 29 13:54:04 2025]
Finished jobid: 0 (Rule: all)
3 of 3 steps (100%) done
Complete log(s): /home/ygkim/ngs_pipeline/RNA-Seq_DE_GO_analysis/.snakemake/log/2025-10-29T135320.887707.snakemake.log
