Assuming unrestricted shared filesystem usage.
host: DESKTOP-FHR6C38
Building DAG of jobs...
Using shell: /usr/bin/bash
Provided cores: 4
Rules claiming more threads will be scaled down.
Job stats:
job                    count
-------------------  -------
all                        1
enrichment_analysis        1
generate_plots             1
go_barplots                1
run_de_analysis            1
total                      5

Select jobs to execute...
Execute 1 jobs...
[Wed Oct 29 13:55:06 2025]
localrule run_de_analysis:
    input: src/analysis/01_run_de_analysis.R, config.yml, data/raw/airway_scaledcounts.csv, data/raw/airway_metadata.csv
    output: output/final_de_results.csv, output/config_used.yml
    log: output/logs/01_run_de_analysis.log
    jobid: 1
    reason: Missing output files: output/final_de_results.csv, output/config_used.yml
    resources: tmpdir=/tmp
Activating conda environment: rna-seq-de-go-analysis
[Wed Oct 29 13:55:17 2025]
Finished jobid: 1 (Rule: run_de_analysis)
1 of 5 steps (20%) done
Select jobs to execute...
Failed to solve scheduling problem with ILP solver, falling back to greedy scheduler. You likely have to fix your ILP solver installation. Error message: PULP_CBC_CMD: Not Available (check permissions on cbc)
Execute 2 jobs...
[Wed Oct 29 13:55:17 2025]
localrule enrichment_analysis:
    input: src/analysis/03_enrichment_analysis.R, config.yml, output/final_de_results.csv
    output: output/go_enrichment_total_BP.csv, output/go_enrichment_up_BP.csv, output/go_enrichment_down_BP.csv, output/go_dotplot_total_BP.png, output/go_dotplot_up_BP.png, output/go_dotplot_down_BP.png, output/kegg_enrichment_total.csv, output/kegg_enrichment_up.csv, output/kegg_enrichment_down.csv, output/kegg_dotplot_total.png, output/kegg_dotplot_up.png, output/kegg_dotplot_down.png, output/.enrichment_done.flag
    log: output/logs/03_enrichment_analysis.log
    jobid: 3
    reason: Missing output files: output/go_enrichment_down_BP.csv, output/go_enrichment_up_BP.csv, output/go_enrichment_total_BP.csv, output/.enrichment_done.flag; Input files updated by another job: output/final_de_results.csv
    resources: tmpdir=/tmp
Activating conda environment: rna-seq-de-go-analysis
[Wed Oct 29 13:55:17 2025]
localrule generate_plots:
    input: src/analysis/02_generate_plots.R, config.yml, output/final_de_results.csv, data/raw/airway_scaledcounts.csv, data/raw/airway_metadata.csv
    output: output/pca_plot.png, output/volcano_plot.png
    log: output/logs/02_generate_plots.log
    jobid: 2
    reason: Missing output files: output/volcano_plot.png, output/pca_plot.png; Input files updated by another job: output/final_de_results.csv
    resources: tmpdir=/tmp
Activating conda environment: rna-seq-de-go-analysis
[Wed Oct 29 13:55:26 2025]
Finished jobid: 2 (Rule: generate_plots)
2 of 5 steps (40%) done
Touching output file output/.enrichment_done.flag.
[Wed Oct 29 13:55:58 2025]
Finished jobid: 3 (Rule: enrichment_analysis)
3 of 5 steps (60%) done
Select jobs to execute...
Execute 1 jobs...
[Wed Oct 29 13:55:58 2025]
localrule go_barplots:
    input: src/analysis/04_generate_go_plots.R, config.yml, output/go_enrichment_total_BP.csv, output/go_enrichment_up_BP.csv, output/go_enrichment_down_BP.csv
    output: output/go_barplot_total.png, output/go_barplot_up.png, output/go_barplot_down.png, output/.go_barplots_done.flag
    log: output/logs/04_generate_go_plots.log
    jobid: 4
    reason: Missing output files: output/.go_barplots_done.flag; Input files updated by another job: output/go_enrichment_down_BP.csv, output/go_enrichment_up_BP.csv, output/go_enrichment_total_BP.csv
    resources: tmpdir=/tmp
Activating conda environment: rna-seq-de-go-analysis
Touching output file output/.go_barplots_done.flag.
[Wed Oct 29 13:56:00 2025]
Finished jobid: 4 (Rule: go_barplots)
4 of 5 steps (80%) done
Select jobs to execute...
Execute 1 jobs...
[Wed Oct 29 13:56:00 2025]
localrule all:
    input: output/final_de_results.csv, output/config_used.yml, output/pca_plot.png, output/volcano_plot.png, output/.enrichment_done.flag, output/.go_barplots_done.flag
    jobid: 0
    reason: Input files updated by another job: output/config_used.yml, output/pca_plot.png, output/final_de_results.csv, output/volcano_plot.png, output/.go_barplots_done.flag, output/.enrichment_done.flag
    resources: tmpdir=/tmp
[Wed Oct 29 13:56:00 2025]
Finished jobid: 0 (Rule: all)
5 of 5 steps (100%) done
Complete log(s): /home/ygkim/ngs_pipeline/RNA-Seq_DE_GO_analysis/.snakemake/log/2025-10-29T135506.752435.snakemake.log
