Assuming unrestricted shared filesystem usage.
host: DESKTOP-FHR6C38
Building DAG of jobs...
Using shell: /usr/bin/bash
Provided cores: 4
Rules claiming more threads will be scaled down.
Job stats:
job                    count
-------------------  -------
all                        1
enrichment_analysis        1
go_barplots                1
total                      3

Select jobs to execute...
Execute 1 jobs...
[Tue Oct 28 17:17:46 2025]
localrule enrichment_analysis:
    input: src/analysis/03_enrichment_analysis.R, config.yml, output/final_de_results.csv
    output: output/go_enrichment_total_BP.csv, output/go_enrichment_up_BP.csv, output/go_enrichment_down_BP.csv, output/go_dotplot_total_BP.png, output/go_dotplot_up_BP.png, output/go_dotplot_down_BP.png, output/kegg_enrichment_total.csv, output/kegg_enrichment_up.csv, output/kegg_enrichment_down.csv, output/kegg_dotplot_total.png, output/kegg_dotplot_up.png, output/kegg_dotplot_down.png, output/.enrichment_done.flag
    log: output/logs/03_enrichment_analysis.log
    jobid: 3
    reason: Missing output files: output/.enrichment_done.flag, output/go_enrichment_down_BP.csv, output/go_enrichment_total_BP.csv, output/go_enrichment_up_BP.csv
    resources: tmpdir=/tmp
Activating conda environment: rna-seq-de-go-analysis
RuleException:
CalledProcessError in file "/home/ygkim/ngs_pipeline/RNA-Seq_DE_GO_analysis/Snakefile", line 146:
Command 'source /home/ygkim/program/anaconda3/bin/activate 'rna-seq-de-go-analysis'; set -euo pipefail;  Rscript src/analysis/03_enrichment_analysis.R config.yml > output/logs/03_enrichment_analysis.log 2>&1 && touch output/.enrichment_done.flag' returned non-zero exit status 1.
[Tue Oct 28 17:17:50 2025]
Error in rule enrichment_analysis:
    message: None
    jobid: 3
    input: src/analysis/03_enrichment_analysis.R, config.yml, output/final_de_results.csv
    output: output/go_enrichment_total_BP.csv, output/go_enrichment_up_BP.csv, output/go_enrichment_down_BP.csv, output/go_dotplot_total_BP.png, output/go_dotplot_up_BP.png, output/go_dotplot_down_BP.png, output/kegg_enrichment_total.csv, output/kegg_enrichment_up.csv, output/kegg_enrichment_down.csv, output/kegg_dotplot_total.png, output/kegg_dotplot_up.png, output/kegg_dotplot_down.png, output/.enrichment_done.flag
    log: output/logs/03_enrichment_analysis.log (check log file(s) for error details)
    conda-env: rna-seq-de-go-analysis
    shell:
        Rscript src/analysis/03_enrichment_analysis.R config.yml > output/logs/03_enrichment_analysis.log 2>&1 && touch output/.enrichment_done.flag
        (command exited with non-zero exit code)
Shutting down, this might take some time.
Exiting because a job execution failed. Look below for error messages
[Tue Oct 28 17:17:51 2025]
Error in rule enrichment_analysis:
    message: None
    jobid: 3
    input: src/analysis/03_enrichment_analysis.R, config.yml, output/final_de_results.csv
    output: output/go_enrichment_total_BP.csv, output/go_enrichment_up_BP.csv, output/go_enrichment_down_BP.csv, output/go_dotplot_total_BP.png, output/go_dotplot_up_BP.png, output/go_dotplot_down_BP.png, output/kegg_enrichment_total.csv, output/kegg_enrichment_up.csv, output/kegg_enrichment_down.csv, output/kegg_dotplot_total.png, output/kegg_dotplot_up.png, output/kegg_dotplot_down.png, output/.enrichment_done.flag
    log: output/logs/03_enrichment_analysis.log (check log file(s) for error details)
    conda-env: rna-seq-de-go-analysis
    shell:
        Rscript src/analysis/03_enrichment_analysis.R config.yml > output/logs/03_enrichment_analysis.log 2>&1 && touch output/.enrichment_done.flag
        (command exited with non-zero exit code)
Complete log(s): /home/ygkim/ngs_pipeline/RNA-Seq_DE_GO_analysis/.snakemake/log/2025-10-28T171746.952701.snakemake.log
WorkflowError:
At least one job did not complete successfully.
