Assuming unrestricted shared filesystem usage.
host: DESKTOP-FHR6C38
Building DAG of jobs...
Using shell: /usr/bin/bash
Provided cores: 20
Rules claiming more threads will be scaled down.
Job stats:
job                    count
-------------------  -------
all                        1
enrichment_analysis        1
generate_plots             1
go_barplots                1
run_de_analysis            1
total                      5

Select jobs to execute...
Execute 1 jobs...
[Wed Oct 29 14:05:45 2025]
localrule run_de_analysis:
    input: src/analysis/01_run_de_analysis.R, config.yml, data/raw/airway_scaledcounts.csv, data/raw/airway_metadata.csv
    output: output/final_de_results.csv, output/config_used.yml
    log: output/logs/01_run_de_analysis.log
    jobid: 1
    reason: Missing output files: output/final_de_results.csv, output/config_used.yml
    resources: tmpdir=/tmp
Activating conda environment: rna-seq-de-go-analysis
[Wed Oct 29 14:05:58 2025]
Finished jobid: 1 (Rule: run_de_analysis)
1 of 5 steps (20%) done
Select jobs to execute...
Failed to solve scheduling problem with ILP solver, falling back to greedy scheduler. You likely have to fix your ILP solver installation. Error message: PULP_CBC_CMD: Not Available (check permissions on cbc)
Execute 2 jobs...
[Wed Oct 29 14:05:58 2025]
localrule enrichment_analysis:
    input: src/analysis/03_enrichment_analysis.R, config.yml, output/final_de_results.csv
    output: output/go_enrichment_total_BP.csv, output/go_enrichment_total_CC.csv, output/go_enrichment_total_MF.csv, output/go_enrichment_up_BP.csv, output/go_enrichment_up_CC.csv, output/go_enrichment_up_MF.csv, output/go_enrichment_down_BP.csv, output/go_enrichment_down_CC.csv, output/go_enrichment_down_MF.csv, output/go_dotplot_total_BP.png, output/go_dotplot_total_CC.png, output/go_dotplot_total_MF.png, output/go_dotplot_up_BP.png, output/go_dotplot_up_CC.png, output/go_dotplot_up_MF.png, output/go_dotplot_down_BP.png, output/go_dotplot_down_CC.png, output/go_dotplot_down_MF.png, output/kegg_enrichment_total.csv, output/kegg_enrichment_up.csv, output/kegg_enrichment_down.csv, output/kegg_dotplot_total.png, output/kegg_dotplot_up.png, output/kegg_dotplot_down.png, output/.enrichment_done.flag
    log: output/logs/03_enrichment_analysis.log
    jobid: 3
    reason: Missing output files: output/.enrichment_done.flag, output/go_enrichment_down_BP.csv, output/go_enrichment_total_BP.csv, output/go_enrichment_up_BP.csv, output/go_enrichment_total_MF.csv, output/go_enrichment_up_MF.csv, output/go_enrichment_down_CC.csv, output/go_enrichment_total_CC.csv, output/go_enrichment_up_CC.csv, output/go_enrichment_down_MF.csv; Input files updated by another job: output/final_de_results.csv
    resources: tmpdir=/tmp
Activating conda environment: rna-seq-de-go-analysis
[Wed Oct 29 14:05:58 2025]
localrule generate_plots:
    input: src/analysis/02_generate_plots.R, config.yml, output/final_de_results.csv, data/raw/airway_scaledcounts.csv, data/raw/airway_metadata.csv
    output: output/pca_plot.png, output/volcano_plot.png
    log: output/logs/02_generate_plots.log
    jobid: 2
    reason: Missing output files: output/pca_plot.png, output/volcano_plot.png; Input files updated by another job: output/final_de_results.csv
    resources: tmpdir=/tmp
Activating conda environment: rna-seq-de-go-analysis
[Wed Oct 29 14:06:03 2025]
Finished jobid: 2 (Rule: generate_plots)
2 of 5 steps (40%) done
Touching output file output/.enrichment_done.flag.
Waiting at most 5 seconds for missing files:
output/go_dotplot_down_MF.png (missing locally)
MissingOutputException in rule enrichment_analysis in file "/home/ygkim/ngs_pipeline/RNA-Seq_DE_GO_analysis/Snakefile", line 109:
Job 3  completed successfully, but some output files are missing. Missing files after 5 seconds. This might be due to filesystem latency. If that is the case, consider to increase the wait time with --latency-wait:
output/go_dotplot_down_MF.png (missing locally, parent dir contents: go_enrichment_down_BP.csv, kegg_enrichment_down.csv, go_enrichment_down_CC.csv, go_enrichment_total_MF.csv, go_dotplot_down_CC.png, final_de_results.xlsx, final_de_results.csv, go_dotplot_up_BP.png, go_dotplot_total_CC.png, config_used.yml, go_dotplot_down_BP.png, logs, kegg_enrichment_up.csv, go_enrichment_total_CC.csv, go_dotplot_up_CC.png, go_dotplot_up_MF.png, volcano_plot.png, go_dotplot_total_BP.png, go_enrichment_total_BP.csv, kegg_enrichment_total.csv, .enrichment_done.flag, 2025-10-10_14-03-21, pca_plot.png, 2025-10-28_14-12-57, kegg_dotplot_up.png, kegg_dotplot_total.png, go_enrichment_up_MF.csv, go_enrichment_up_CC.csv, go_dotplot_total_MF.png, go_enrichment_up_BP.csv, go_enrichment_down_MF.csv, kegg_dotplot_down.png)
Removing output files of failed job enrichment_analysis since they might be corrupted:
output/go_enrichment_total_BP.csv, output/go_enrichment_total_CC.csv, output/go_enrichment_total_MF.csv, output/go_enrichment_up_BP.csv, output/go_enrichment_up_CC.csv, output/go_enrichment_up_MF.csv, output/go_enrichment_down_BP.csv, output/go_enrichment_down_CC.csv, output/go_enrichment_down_MF.csv, output/go_dotplot_total_BP.png, output/go_dotplot_total_CC.png, output/go_dotplot_total_MF.png, output/go_dotplot_up_BP.png, output/go_dotplot_up_CC.png, output/go_dotplot_up_MF.png, output/go_dotplot_down_BP.png, output/go_dotplot_down_CC.png, output/kegg_enrichment_total.csv, output/kegg_enrichment_up.csv, output/kegg_enrichment_down.csv, output/kegg_dotplot_total.png, output/kegg_dotplot_up.png, output/kegg_dotplot_down.png, output/.enrichment_done.flag
Shutting down, this might take some time.
Exiting because a job execution failed. Look below for error messages
[Wed Oct 29 14:07:32 2025]
Error in rule enrichment_analysis:
    message: None
    jobid: 3
    input: src/analysis/03_enrichment_analysis.R, config.yml, output/final_de_results.csv
    output: output/go_enrichment_total_BP.csv, output/go_enrichment_total_CC.csv, output/go_enrichment_total_MF.csv, output/go_enrichment_up_BP.csv, output/go_enrichment_up_CC.csv, output/go_enrichment_up_MF.csv, output/go_enrichment_down_BP.csv, output/go_enrichment_down_CC.csv, output/go_enrichment_down_MF.csv, output/go_dotplot_total_BP.png, output/go_dotplot_total_CC.png, output/go_dotplot_total_MF.png, output/go_dotplot_up_BP.png, output/go_dotplot_up_CC.png, output/go_dotplot_up_MF.png, output/go_dotplot_down_BP.png, output/go_dotplot_down_CC.png, output/go_dotplot_down_MF.png, output/kegg_enrichment_total.csv, output/kegg_enrichment_up.csv, output/kegg_enrichment_down.csv, output/kegg_dotplot_total.png, output/kegg_dotplot_up.png, output/kegg_dotplot_down.png, output/.enrichment_done.flag
    log: output/logs/03_enrichment_analysis.log (check log file(s) for error details)
    conda-env: rna-seq-de-go-analysis
    shell:
        Rscript src/analysis/03_enrichment_analysis.R config.yml > output/logs/03_enrichment_analysis.log 2>&1 && touch output/.enrichment_done.flag
        (command exited with non-zero exit code)
Complete log(s): /home/ygkim/ngs_pipeline/RNA-Seq_DE_GO_analysis/.snakemake/log/2025-10-29T140545.548544.snakemake.log
WorkflowError:
At least one job did not complete successfully.
