Assuming unrestricted shared filesystem usage.
host: DESKTOP-FHR6C38
Building DAG of jobs...
Using shell: /usr/bin/bash
Provided cores: 20
Rules claiming more threads will be scaled down.
Job stats:
job                    count
-------------------  -------
all                        1
enrichment_analysis        1
generate_plots             1
go_barplots                1
run_de_analysis            1
total                      5

Select jobs to execute...
Execute 1 jobs...
[Wed Oct 29 14:01:43 2025]
localrule run_de_analysis:
    input: src/analysis/01_run_de_analysis.R, config.yml, data/raw/airway_scaledcounts.csv, data/raw/airway_metadata.csv
    output: output/final_de_results.csv, output/config_used.yml
    log: output/logs/01_run_de_analysis.log
    jobid: 1
    reason: Missing output files: output/final_de_results.csv, output/config_used.yml
    resources: tmpdir=/tmp
Activating conda environment: rna-seq-de-go-analysis
RuleException:
CalledProcessError in file "/home/ygkim/ngs_pipeline/RNA-Seq_DE_GO_analysis/Snakefile", line 86:
Command 'source /home/ygkim/program/anaconda3/bin/activate 'rna-seq-de-go-analysis'; set -euo pipefail;  Rscript src/analysis/01_run_de_analysis.R config.yml > output/logs/01_run_de_analysis.log 2>&1' returned non-zero exit status 1.
[Wed Oct 29 14:01:52 2025]
Error in rule run_de_analysis:
    message: None
    jobid: 1
    input: src/analysis/01_run_de_analysis.R, config.yml, data/raw/airway_scaledcounts.csv, data/raw/airway_metadata.csv
    output: output/final_de_results.csv, output/config_used.yml
    log: output/logs/01_run_de_analysis.log (check log file(s) for error details)
    conda-env: rna-seq-de-go-analysis
    shell:
        Rscript src/analysis/01_run_de_analysis.R config.yml > output/logs/01_run_de_analysis.log 2>&1
        (command exited with non-zero exit code)
Shutting down, this might take some time.
Exiting because a job execution failed. Look below for error messages
[Wed Oct 29 14:01:54 2025]
Error in rule run_de_analysis:
    message: None
    jobid: 1
    input: src/analysis/01_run_de_analysis.R, config.yml, data/raw/airway_scaledcounts.csv, data/raw/airway_metadata.csv
    output: output/final_de_results.csv, output/config_used.yml
    log: output/logs/01_run_de_analysis.log (check log file(s) for error details)
    conda-env: rna-seq-de-go-analysis
    shell:
        Rscript src/analysis/01_run_de_analysis.R config.yml > output/logs/01_run_de_analysis.log 2>&1
        (command exited with non-zero exit code)
Complete log(s): /home/ygkim/ngs_pipeline/RNA-Seq_DE_GO_analysis/.snakemake/log/2025-10-29T140143.277353.snakemake.log
WorkflowError:
At least one job did not complete successfully.
